<?xml version="1.0" encoding="UTF-8"?>
<coverage generated="1587932572405" clover="3.2.0">
  <project timestamp="1587932572405" name="All files">
    <metrics statements="3" coveredstatements="3" conditionals="2" coveredconditionals="1" methods="0" coveredmethods="0" elements="5" coveredelements="4" complexity="0" loc="3" ncloc="3" packages="1" files="1" classes="1"/>
    <file name="index.js" path="/Users/eyliu/projects/weather/src/index.js">
      <metrics statements="3" coveredstatements="3" conditionals="2" coveredconditionals="1" methods="0" coveredmethods="0"/>
      <line num="4" count="1" type="stmt"/>
      <line num="6" count="1" type="stmt"/>
      <line num="7" count="1" type="cond" truecount="1" falsecount="1"/>
    </file>
  </project>
</coverage>
