{"total": {"lines":{"total":73,"covered":62,"skipped":0,"pct":84.93},"statements":{"total":79,"covered":64,"skipped":0,"pct":81.01},"functions":{"total":17,"covered":15,"skipped":0,"pct":88.24},"branches":{"total":30,"covered":20,"skipped":0,"pct":66.67}}
,"/Users/eyliu/projects/shortsorpants/config.js": {"lines":{"total":1,"covered":1,"skipped":0,"pct":100},"functions":{"total":0,"covered":0,"skipped":0,"pct":100},"statements":{"total":1,"covered":1,"skipped":0,"pct":100},"branches":{"total":0,"covered":0,"skipped":0,"pct":100}}
,"/Users/eyliu/projects/shortsorpants/web/app.jsx": {"lines":{"total":28,"covered":24,"skipped":0,"pct":85.71},"functions":{"total":5,"covered":5,"skipped":0,"pct":100},"statements":{"total":29,"covered":24,"skipped":0,"pct":82.76},"branches":{"total":12,"covered":10,"skipped":0,"pct":83.33}}
,"/Users/eyliu/projects/shortsorpants/web/components/error.jsx": {"lines":{"total":7,"covered":3,"skipped":0,"pct":42.86},"functions":{"total":2,"covered":0,"skipped":0,"pct":0},"statements":{"total":7,"covered":3,"skipped":0,"pct":42.86},"branches":{"total":2,"covered":0,"skipped":0,"pct":0}}
,"/Users/eyliu/projects/shortsorpants/web/components/locationInput.jsx": {"lines":{"total":7,"covered":7,"skipped":0,"pct":100},"functions":{"total":3,"covered":3,"skipped":0,"pct":100},"statements":{"total":7,"covered":7,"skipped":0,"pct":100},"branches":{"total":0,"covered":0,"skipped":0,"pct":100}}
,"/Users/eyliu/projects/shortsorpants/web/components/shortsOrPants.jsx": {"lines":{"total":11,"covered":8,"skipped":0,"pct":72.73},"functions":{"total":2,"covered":2,"skipped":0,"pct":100},"statements":{"total":15,"covered":10,"skipped":0,"pct":66.67},"branches":{"total":8,"covered":3,"skipped":0,"pct":37.5}}
,"/Users/eyliu/projects/shortsorpants/web/components/weather.jsx": {"lines":{"total":6,"covered":6,"skipped":0,"pct":100},"functions":{"total":1,"covered":1,"skipped":0,"pct":100},"statements":{"total":6,"covered":6,"skipped":0,"pct":100},"branches":{"total":2,"covered":2,"skipped":0,"pct":100}}
,"/Users/eyliu/projects/shortsorpants/web/services/location.js": {"lines":{"total":4,"covered":4,"skipped":0,"pct":100},"functions":{"total":2,"covered":2,"skipped":0,"pct":100},"statements":{"total":5,"covered":4,"skipped":0,"pct":80},"branches":{"total":2,"covered":1,"skipped":0,"pct":50}}
,"/Users/eyliu/projects/shortsorpants/web/services/weather.js": {"lines":{"total":7,"covered":7,"skipped":0,"pct":100},"functions":{"total":2,"covered":2,"skipped":0,"pct":100},"statements":{"total":7,"covered":7,"skipped":0,"pct":100},"branches":{"total":4,"covered":4,"skipped":0,"pct":100}}
,"/Users/eyliu/projects/shortsorpants/web/utils/style.js": {"lines":{"total":2,"covered":2,"skipped":0,"pct":100},"functions":{"total":0,"covered":0,"skipped":0,"pct":100},"statements":{"total":2,"covered":2,"skipped":0,"pct":100},"branches":{"total":0,"covered":0,"skipped":0,"pct":100}}
}
