{"/Users/eyliu/projects/weather/src/index.js": {"path":"/Users/eyliu/projects/weather/src/index.js","statementMap":{"0":{"start":{"line":4,"column":19},"end":{"line":4,"column":43}},"1":{"start":{"line":6,"column":16},"end":{"line":6,"column":52}},"2":{"start":{"line":7,"column":0},"end":{"line":7,"column":48}}},"fnMap":{},"branchMap":{"0":{"loc":{"start":{"line":7,"column":0},"end":{"line":7,"column":47}},"type":"cond-expr","locations":[{"start":{"line":7,"column":10},"end":{"line":7,"column":39}},{"start":{"line":7,"column":42},"end":{"line":7,"column":47}}],"line":7}},"s":{"0":1,"1":1,"2":1},"f":{},"b":{"0":[0,1]},"_coverageSchema":"1a1c01bbd47fc00a2c39e90264f33305004495a9","hash":"db3a9918fce62e3d36b20cb4baba48f37248e420"}
}
