{"total": {"lines":{"total":24,"covered":17,"skipped":0,"pct":70.83},"statements":{"total":26,"covered":18,"skipped":0,"pct":69.23},"functions":{"total":9,"covered":7,"skipped":0,"pct":77.78},"branches":{"total":6,"covered":2,"skipped":0,"pct":33.33}}
,"/Users/eyliu/projects/weather/config.js": {"lines":{"total":1,"covered":1,"skipped":0,"pct":100},"functions":{"total":0,"covered":0,"skipped":0,"pct":100},"statements":{"total":1,"covered":1,"skipped":0,"pct":100},"branches":{"total":0,"covered":0,"skipped":0,"pct":100}}
,"/Users/eyliu/projects/weather/src/app.js": {"lines":{"total":10,"covered":7,"skipped":0,"pct":70},"functions":{"total":3,"covered":3,"skipped":0,"pct":100},"statements":{"total":10,"covered":7,"skipped":0,"pct":70},"branches":{"total":4,"covered":1,"skipped":0,"pct":25}}
,"/Users/eyliu/projects/weather/src/services/location.js": {"lines":{"total":4,"covered":4,"skipped":0,"pct":100},"functions":{"total":2,"covered":2,"skipped":0,"pct":100},"statements":{"total":5,"covered":4,"skipped":0,"pct":80},"branches":{"total":2,"covered":1,"skipped":0,"pct":50}}
,"/Users/eyliu/projects/weather/src/services/weather.js": {"lines":{"total":7,"covered":3,"skipped":0,"pct":42.86},"functions":{"total":2,"covered":0,"skipped":0,"pct":0},"statements":{"total":7,"covered":3,"skipped":0,"pct":42.86},"branches":{"total":0,"covered":0,"skipped":0,"pct":100}}
,"/Users/eyliu/projects/weather/tests/utils.js": {"lines":{"total":2,"covered":2,"skipped":0,"pct":100},"functions":{"total":2,"covered":2,"skipped":0,"pct":100},"statements":{"total":3,"covered":3,"skipped":0,"pct":100},"branches":{"total":0,"covered":0,"skipped":0,"pct":100}}
}
