TN:
SF:config.js
FNF:0
FNH:0
DA:1,1
LF:1
LH:1
BRF:0
BRH:0
end_of_record
TN:
SF:src/app.js
FN:5,(anonymous_0)
FN:8,(anonymous_1)
FN:9,(anonymous_2)
FNF:3
FNH:3
FNDA:4,(anonymous_0)
FNDA:2,(anonymous_1)
FNDA:2,(anonymous_2)
DA:6,4
DA:7,4
DA:8,4
DA:9,2
DA:10,2
DA:11,2
DA:12,2
DA:14,0
DA:18,4
LF:9
LH:8
BRDA:21,0,0,4
BRDA:21,0,1,2
BRDA:26,1,0,2
BRDA:26,1,1,0
BRF:4
BRH:3
end_of_record
TN:
SF:src/services/location.js
FN:1,(anonymous_0)
FN:3,(anonymous_1)
FNF:2
FNH:2
FNDA:2,(anonymous_0)
FNDA:2,(anonymous_1)
DA:1,1
DA:2,2
DA:3,2
DA:4,2
LF:4
LH:4
BRDA:2,0,0,0
BRDA:2,0,1,2
BRF:2
BRH:1
end_of_record
TN:
SF:src/services/weather.js
FN:6,(anonymous_0)
FN:13,(anonymous_1)
FNF:2
FNH:2
FNDA:2,(anonymous_0)
FNDA:2,(anonymous_1)
DA:4,1
DA:6,1
DA:7,2
DA:10,2
DA:13,1
DA:14,2
LF:6
LH:6
BRF:0
BRH:0
end_of_record
