TN:
SF:config.js
FNF:0
FNH:0
DA:1,1
LF:1
LH:1
BRF:0
BRH:0
end_of_record
TN:
SF:src/app.jsx
FN:9,(anonymous_0)
FN:13,(anonymous_1)
FN:14,(anonymous_2)
FN:23,(anonymous_3)
FN:24,(anonymous_4)
FNF:5
FNH:5
FNDA:9,(anonymous_0)
FNDA:3,(anonymous_1)
FNDA:3,(anonymous_2)
FNDA:6,(anonymous_3)
FNDA:6,(anonymous_4)
DA:10,9
DA:11,9
DA:12,9
DA:13,9
DA:14,3
DA:15,3
DA:16,3
DA:17,3
DA:19,0
DA:23,9
DA:24,6
DA:25,6
DA:26,3
DA:29,9
DA:51,1
DA:62,1
DA:70,1
LF:17
LH:16
BRDA:25,0,0,3
BRDA:25,0,1,3
BRDA:32,1,0,9
BRDA:32,1,1,0
BRDA:38,2,0,9
BRDA:38,2,1,6
BRDA:38,2,2,6
BRDA:41,3,0,9
BRDA:41,3,1,3
BRF:9
BRH:8
end_of_record
TN:
SF:src/components/shortsOrPants.jsx
FN:4,(anonymous_0)
FN:16,(anonymous_1)
FNF:2
FNH:2
FNDA:3,(anonymous_0)
FNDA:3,(anonymous_1)
DA:5,3
DA:11,1
DA:16,1
DA:17,3
DA:18,3
DA:19,0
DA:20,0
DA:21,0
DA:24,1
DA:28,1
DA:32,1
LF:11
LH:8
BRDA:17,0,0,0
BRDA:17,0,1,3
BRDA:18,1,0,3
BRDA:18,1,1,0
BRDA:19,2,0,0
BRDA:19,2,1,0
BRDA:20,3,0,0
BRDA:20,3,1,0
BRF:8
BRH:2
end_of_record
TN:
SF:src/components/weather.jsx
FN:4,(anonymous_0)
FNF:1
FNH:1
FNDA:3,(anonymous_0)
DA:5,3
DA:16,1
DA:20,1
DA:24,1
DA:28,1
DA:33,1
LF:6
LH:6
BRDA:11,0,0,3
BRDA:11,0,1,0
BRF:2
BRH:1
end_of_record
TN:
SF:src/services/location.js
FN:1,(anonymous_0)
FN:3,(anonymous_1)
FNF:2
FNH:2
FNDA:3,(anonymous_0)
FNDA:3,(anonymous_1)
DA:1,1
DA:2,3
DA:3,3
DA:4,3
LF:4
LH:4
BRDA:2,0,0,0
BRDA:2,0,1,3
BRF:2
BRH:1
end_of_record
TN:
SF:src/services/weather.js
FN:6,(anonymous_0)
FN:13,(anonymous_1)
FNF:2
FNH:2
FNDA:3,(anonymous_0)
FNDA:3,(anonymous_1)
DA:4,1
DA:6,1
DA:7,3
DA:10,3
DA:13,1
DA:14,3
LF:6
LH:6
BRF:0
BRH:0
end_of_record
TN:
SF:src/utils/style.js
FNF:0
FNH:0
DA:1,1
LF:1
LH:1
BRF:0
BRH:0
end_of_record
